<?xml version="1.0" encoding="utf-8"?><testsuites name="pytest tests"><testsuite name="pytest" errors="0" failures="1" skipped="0" tests="27" time="6.252" timestamp="2026-06-18T23:19:55.917179+00:00" hostname="agent-env-a059af5b-1a60-459d-aea3-defdbf6d3371"><testcase classname="backend.tests.backend_test" name="test_root" time="0.241"><failure message="assert 404 == 200&#10; +  where 404 = &lt;Response [404]&gt;.status_code">E   assert 404 == 200
     +  where 404 = &lt;Response [404]&gt;.status_code</failure></testcase><testcase classname="backend.tests.backend_test" name="test_register_tester" time="0.366" /><testcase classname="backend.tests.backend_test" name="test_register_tester2" time="0.372" /><testcase classname="backend.tests.backend_test" name="test_register_duplicate" time="0.100" /><testcase classname="backend.tests.backend_test" name="test_login_admin" time="0.334" /><testcase classname="backend.tests.backend_test" name="test_login_wrong" time="0.321" /><testcase classname="backend.tests.backend_test" name="test_me_with_token" time="0.099" /><testcase classname="backend.tests.backend_test" name="test_me_no_token" time="0.103" /><testcase classname="backend.tests.backend_test" name="test_patch_me" time="0.203" /><testcase classname="backend.tests.backend_test" name="test_list_titles_seeded" time="0.110" /><testcase classname="backend.tests.backend_test" name="test_filter_type_anime" time="0.116" /><testcase classname="backend.tests.backend_test" name="test_search_arabic" time="0.119" /><testcase classname="backend.tests.backend_test" name="test_get_title_by_id" time="0.114" /><testcase classname="backend.tests.backend_test" name="test_get_title_404" time="0.097" /><testcase classname="backend.tests.backend_test" name="test_create_title_forbidden_for_user" time="0.099" /><testcase classname="backend.tests.backend_test" name="test_create_title_admin" time="0.209" /><testcase classname="backend.tests.backend_test" name="test_post_review_and_avg" time="0.306" /><testcase classname="backend.tests.backend_test" name="test_watchlist_upsert_and_list" time="0.416" /><testcase classname="backend.tests.backend_test" name="test_user_search" time="0.111" /><testcase classname="backend.tests.backend_test" name="test_friend_request_and_accept" time="0.511" /><testcase classname="backend.tests.backend_test" name="test_lobby_post_get" time="0.202" /><testcase classname="backend.tests.backend_test" name="test_title_room_post" time="0.097" /><testcase classname="backend.tests.backend_test" name="test_title_room_404" time="0.092" /><testcase classname="backend.tests.backend_test" name="test_dm_flow_and_403" time="0.703" /><testcase classname="backend.tests.backend_test" name="test_notifications" time="0.393" /><testcase classname="backend.tests.backend_test" name="test_delete_title_user_forbidden" time="0.096" /><testcase classname="backend.tests.backend_test" name="test_delete_title_admin" time="0.208" /></testsuite></testsuites>