<?xml version="1.0" encoding="utf-8"?><testsuites name="pytest tests"><testsuite name="pytest" errors="0" failures="0" skipped="0" tests="21" time="3.460" timestamp="2026-06-18T23:19:14.729069+00:00" hostname="agent-env-a059af5b-1a60-459d-aea3-defdbf6d3371"><testcase classname="backend.tests.test_optional_auth_and_pwa.TestPublicAccess" name="test_titles_list_no_auth" time="0.141" /><testcase classname="backend.tests.test_optional_auth_and_pwa.TestPublicAccess" name="test_title_detail_no_auth" time="0.212" /><testcase classname="backend.tests.test_optional_auth_and_pwa.TestPublicAccess" name="test_episodes_list_no_auth" time="0.107" /><testcase classname="backend.tests.test_optional_auth_and_pwa.TestPublicAccess" name="test_get_single_episode_no_auth" time="0.723" /><testcase classname="backend.tests.test_optional_auth_and_pwa.TestPublicAccess" name="test_episode_pages_no_auth" time="0.144" /><testcase classname="backend.tests.test_optional_auth_and_pwa.TestPublicAccess" name="test_reviews_list_no_auth" time="0.099" /><testcase classname="backend.tests.test_optional_auth_and_pwa.TestSocialRequireAuth" name="test_post_review_no_auth" time="0.093" /><testcase classname="backend.tests.test_optional_auth_and_pwa.TestSocialRequireAuth" name="test_post_message_no_auth" time="0.100" /><testcase classname="backend.tests.test_optional_auth_and_pwa.TestSocialRequireAuth" name="test_watchlist_no_auth" time="0.094" /><testcase classname="backend.tests.test_optional_auth_and_pwa.TestSocialRequireAuth" name="test_friends_no_auth" time="0.099" /><testcase classname="backend.tests.test_optional_auth_and_pwa.TestContinueReading" name="test_save_progress_requires_auth" time="0.106" /><testcase classname="backend.tests.test_optional_auth_and_pwa.TestContinueReading" name="test_save_progress_authenticated" time="0.493" /><testcase classname="backend.tests.test_optional_auth_and_pwa.TestContinueReading" name="test_get_progress_for_title" time="0.104" /><testcase classname="backend.tests.test_optional_auth_and_pwa.TestContinueReading" name="test_continue_list" time="0.100" /><testcase classname="backend.tests.test_optional_auth_and_pwa.TestContinueReading" name="test_continue_list_unauth" time="0.100" /><testcase classname="backend.tests.test_optional_auth_and_pwa.TestPWAAssets" name="test_manifest" time="0.102" /><testcase classname="backend.tests.test_optional_auth_and_pwa.TestPWAAssets" name="test_service_worker" time="0.098" /><testcase classname="backend.tests.test_optional_auth_and_pwa.TestPWAAssets" name="test_icon_192" time="0.139" /><testcase classname="backend.tests.test_optional_auth_and_pwa.TestPWAAssets" name="test_icon_512" time="0.108" /><testcase classname="backend.tests.test_optional_auth_and_pwa.TestLegalPages" name="test_privacy_route" time="0.092" /><testcase classname="backend.tests.test_optional_auth_and_pwa.TestLegalPages" name="test_terms_route" time="0.105" /></testsuite></testsuites>