<?xml version="1.0" encoding="utf-8"?><testsuites name="pytest tests"><testsuite name="pytest" errors="0" failures="0" skipped="1" tests="19" time="5.151" timestamp="2026-07-12T00:15:54.359216+00:00" hostname="agent-env-a059af5b-1a60-459d-aea3-defdbf6d3371"><testcase classname="backend.tests.test_iter5_mangaspark_refresh" name="test_curl_cffi_importable" time="0.015" /><testcase classname="backend.tests.test_iter5_mangaspark_refresh" name="test_scrape_mangaspark_module_imports" time="0.072" /><testcase classname="backend.tests.test_iter5_mangaspark_refresh" name="test_refresh_all_chapters_signature_accepts_db_arg" time="0.000" /><testcase classname="backend.tests.test_iter5_mangaspark_refresh" name="test_popular_slugs_contains_all_26_new_slugs" time="0.000" /><testcase classname="backend.tests.test_iter5_mangaspark_refresh" name="test_requirements_has_curl_cffi" time="0.000" /><testcase classname="backend.tests.test_iter5_mangaspark_refresh" name="test_refresh_mangaspark_returns_immediately" time="0.525" /><testcase classname="backend.tests.test_iter5_mangaspark_refresh" name="test_job_status_mangaspark_refresh_manual" time="1.199" /><testcase classname="backend.tests.test_iter5_mangaspark_refresh" name="test_job_status_invalid_kind_returns_400" time="0.144" /><testcase classname="backend.tests.test_iter5_mangaspark_refresh" name="test_job_status_without_auth_returns_401" time="0.110" /><testcase classname="backend.tests.test_iter5_mangaspark_refresh" name="test_job_status_regression_kinds[admin_dedupe]" time="0.097" /><testcase classname="backend.tests.test_iter5_mangaspark_refresh" name="test_job_status_regression_kinds[admin_fix_covers]" time="0.151" /><testcase classname="backend.tests.test_iter5_mangaspark_refresh" name="test_job_status_regression_kinds[admin_import_bundle]" time="0.100" /><testcase classname="backend.tests.test_iter5_mangaspark_refresh" name="test_titles_list_sort_and_status" time="0.222" /><testcase classname="backend.tests.test_iter5_mangaspark_refresh" name="test_title_detail_and_view_increment" time="0.210" /><testcase classname="backend.tests.test_iter5_mangaspark_refresh" name="test_episodes_ar_numeric_ordering" time="0.344" /><testcase classname="backend.tests.test_iter5_mangaspark_refresh" name="test_public_user_endpoint" time="0.462" /><testcase classname="backend.tests.test_iter5_mangaspark_refresh" name="test_pwa_assets" time="0.412" /><testcase classname="backend.tests.test_iter5_mangaspark_refresh" name="test_import_mangaspark_bundle_returns_processing" time="0.464" /><testcase classname="backend.tests.test_iter5_mangaspark_refresh" name="test_chat_message_lifecycle" time="0.532"><skipped type="pytest.skip" message="chat POST route not available">/app/backend/tests/test_iter5_mangaspark_refresh.py:303: chat POST route not available</skipped></testcase></testsuite></testsuites>