<?xml version="1.0" encoding="utf-8"?><testsuites name="pytest tests"><testsuite name="pytest" errors="0" failures="0" skipped="0" tests="25" time="14.882" timestamp="2026-06-21T23:02:59.919316+00:00" hostname="agent-env-a059af5b-1a60-459d-aea3-defdbf6d3371"><testcase classname="backend.tests.test_iteration3_features.TestTitlesSortAndFilter" name="test_sort_by_rating_desc" time="0.206" /><testcase classname="backend.tests.test_iteration3_features.TestTitlesSortAndFilter" name="test_sort_by_views_desc" time="0.113" /><testcase classname="backend.tests.test_iteration3_features.TestTitlesSortAndFilter" name="test_sort_by_newest_has_ar_first" time="0.110" /><testcase classname="backend.tests.test_iteration3_features.TestTitlesSortAndFilter" name="test_status_filter_completed" time="0.102" /><testcase classname="backend.tests.test_iteration3_features.TestSearchExactMatch" name="test_search_returns_results" time="0.210" /><testcase classname="backend.tests.test_iteration3_features.TestSearchExactMatch" name="test_search_exact_takes_priority" time="0.208" /><testcase classname="backend.tests.test_iteration3_features.TestEpisodeNumericOrder" name="test_episodes_sorted_numerically" time="3.063" /><testcase classname="backend.tests.test_iteration3_features.TestViewsIncrement" name="test_views_increment" time="3.426" /><testcase classname="backend.tests.test_iteration3_features.TestPublicProfile" name="test_get_user_no_auth" time="0.431" /><testcase classname="backend.tests.test_iteration3_features.TestPublicProfile" name="test_get_user_not_found" time="0.090" /><testcase classname="backend.tests.test_iteration3_features.TestWatchlist" name="test_add_check_delete" time="0.519" /><testcase classname="backend.tests.test_iteration3_features.TestPartialTitlePatch" name="test_patch_status_only" time="0.616" /><testcase classname="backend.tests.test_iteration3_features.TestPartialTitlePatch" name="test_patch_non_admin_forbidden" time="0.206" /><testcase classname="backend.tests.test_iteration3_features.TestChatBotAndModeration" name="test_first_lobby_message_triggers_bot" time="1.032" /><testcase classname="backend.tests.test_iteration3_features.TestChatBotAndModeration" name="test_edit_own_message" time="0.197" /><testcase classname="backend.tests.test_iteration3_features.TestChatBotAndModeration" name="test_cannot_edit_others_message" time="0.200" /><testcase classname="backend.tests.test_iteration3_features.TestChatBotAndModeration" name="test_admin_can_delete_any_message" time="0.227" /><testcase classname="backend.tests.test_iteration3_features.TestChatBotAndModeration" name="test_user_cannot_delete_others" time="0.214" /><testcase classname="backend.tests.test_iteration3_features.TestChatBotAndModeration" name="test_react_toggle" time="0.307" /><testcase classname="backend.tests.test_iteration3_features.TestNewChapterNotification" name="test_new_chapter_creates_notification" time="2.629" /><testcase classname="backend.tests.test_iteration3_features.TestRegression" name="test_login_works" time="0.312" /><testcase classname="backend.tests.test_iteration3_features.TestRegression" name="test_titles_list_paginated" time="0.098" /><testcase classname="backend.tests.test_iteration3_features.TestRegression" name="test_friends_endpoint" time="0.100" /><testcase classname="backend.tests.test_iteration3_features.TestRegression" name="test_dm_list" time="0.096" /><testcase classname="backend.tests.test_iteration3_features.TestRegression" name="test_service_worker_served" time="0.096" /></testsuite></testsuites>