<?xml version="1.0" encoding="utf-8"?><testsuites name="pytest tests"><testsuite name="pytest" errors="0" failures="1" skipped="1" tests="73" time="91.681" timestamp="2026-07-02T01:08:08.532358+00:00" hostname="agent-env-a059af5b-1a60-459d-aea3-defdbf6d3371"><testcase classname="backend.tests.backend_test" name="test_root" time="0.350"><failure message="assert 404 == 200&#10; +  where 404 = &lt;Response [404]&gt;.status_code">backend/tests/backend_test.py:41: in test_root
    assert r.status_code == 200
E   assert 404 == 200
E    +  where 404 = &lt;Response [404]&gt;.status_code</failure></testcase><testcase classname="backend.tests.backend_test" name="test_register_tester" time="0.486" /><testcase classname="backend.tests.backend_test" name="test_register_tester2" time="0.406" /><testcase classname="backend.tests.backend_test" name="test_register_duplicate" time="0.224" /><testcase classname="backend.tests.backend_test" name="test_login_admin" time="0.395" /><testcase classname="backend.tests.backend_test" name="test_login_wrong" time="0.401" /><testcase classname="backend.tests.backend_test" name="test_me_with_token" time="0.181" /><testcase classname="backend.tests.backend_test" name="test_me_no_token" time="0.141" /><testcase classname="backend.tests.backend_test" name="test_patch_me" time="0.621" /><testcase classname="backend.tests.backend_test" name="test_list_titles_seeded" time="0.193" /><testcase classname="backend.tests.backend_test" name="test_filter_type_anime" time="0.180" /><testcase classname="backend.tests.backend_test" name="test_search_arabic" time="0.163" /><testcase classname="backend.tests.backend_test" name="test_get_title_by_id" time="0.134" /><testcase classname="backend.tests.backend_test" name="test_get_title_404" time="0.129" /><testcase classname="backend.tests.backend_test" name="test_create_title_forbidden_for_user" time="0.134" /><testcase classname="backend.tests.backend_test" name="test_create_title_admin" time="0.512" /><testcase classname="backend.tests.backend_test" name="test_post_review_and_avg" time="0.472" /><testcase classname="backend.tests.backend_test" name="test_watchlist_upsert_and_list" time="0.859" /><testcase classname="backend.tests.backend_test" name="test_user_search" time="0.166" /><testcase classname="backend.tests.backend_test" name="test_friend_request_and_accept" time="1.368" /><testcase classname="backend.tests.backend_test" name="test_lobby_post_get" time="0.766" /><testcase classname="backend.tests.backend_test" name="test_title_room_post" time="0.159" /><testcase classname="backend.tests.backend_test" name="test_title_room_404" time="0.144" /><testcase classname="backend.tests.backend_test" name="test_dm_flow_and_403" time="0.751" /><testcase classname="backend.tests.backend_test" name="test_notifications" time="1.203" /><testcase classname="backend.tests.backend_test" name="test_delete_title_user_forbidden" time="0.374" /><testcase classname="backend.tests.backend_test" name="test_delete_title_admin" time="0.525" /><testcase classname="backend.tests.test_iteration3_features.TestTitlesSortAndFilter" name="test_sort_by_rating_desc" time="0.163" /><testcase classname="backend.tests.test_iteration3_features.TestTitlesSortAndFilter" name="test_sort_by_views_desc" time="0.145" /><testcase classname="backend.tests.test_iteration3_features.TestTitlesSortAndFilter" name="test_sort_by_newest_has_ar_first" time="0.149" /><testcase classname="backend.tests.test_iteration3_features.TestTitlesSortAndFilter" name="test_status_filter_completed" time="0.393" /><testcase classname="backend.tests.test_iteration3_features.TestSearchExactMatch" name="test_search_returns_results" time="0.291" /><testcase classname="backend.tests.test_iteration3_features.TestSearchExactMatch" name="test_search_exact_takes_priority" time="0.320" /><testcase classname="backend.tests.test_iteration3_features.TestEpisodeNumericOrder" name="test_episodes_sorted_numerically" time="6.289"><skipped type="pytest.skip" message="No title with &gt;=10 chapters">/app/backend/tests/test_iteration3_features.py:171: No title with &gt;=10 chapters</skipped></testcase><testcase classname="backend.tests.test_iteration3_features.TestViewsIncrement" name="test_views_increment" time="3.491" /><testcase classname="backend.tests.test_iteration3_features.TestPublicProfile" name="test_get_user_no_auth" time="0.445" /><testcase classname="backend.tests.test_iteration3_features.TestPublicProfile" name="test_get_user_not_found" time="0.100" /><testcase classname="backend.tests.test_iteration3_features.TestWatchlist" name="test_add_check_delete" time="0.530" /><testcase classname="backend.tests.test_iteration3_features.TestPartialTitlePatch" name="test_patch_status_only" time="0.651" /><testcase classname="backend.tests.test_iteration3_features.TestPartialTitlePatch" name="test_patch_non_admin_forbidden" time="0.230" /><testcase classname="backend.tests.test_iteration3_features.TestChatBotAndModeration" name="test_first_lobby_message_triggers_bot" time="1.058" /><testcase classname="backend.tests.test_iteration3_features.TestChatBotAndModeration" name="test_edit_own_message" time="0.211" /><testcase classname="backend.tests.test_iteration3_features.TestChatBotAndModeration" name="test_cannot_edit_others_message" time="0.256" /><testcase classname="backend.tests.test_iteration3_features.TestChatBotAndModeration" name="test_admin_can_delete_any_message" time="0.209" /><testcase classname="backend.tests.test_iteration3_features.TestChatBotAndModeration" name="test_user_cannot_delete_others" time="0.216" /><testcase classname="backend.tests.test_iteration3_features.TestChatBotAndModeration" name="test_react_toggle" time="0.303" /><testcase classname="backend.tests.test_iteration3_features.TestNewChapterNotification" name="test_new_chapter_creates_notification" time="2.811" /><testcase classname="backend.tests.test_iteration3_features.TestRegression" name="test_login_works" time="0.325" /><testcase classname="backend.tests.test_iteration3_features.TestRegression" name="test_titles_list_paginated" time="0.178" /><testcase classname="backend.tests.test_iteration3_features.TestRegression" name="test_friends_endpoint" time="0.157" /><testcase classname="backend.tests.test_iteration3_features.TestRegression" name="test_dm_list" time="0.151" /><testcase classname="backend.tests.test_iteration3_features.TestRegression" name="test_service_worker_served" time="0.134" /><testcase classname="backend.tests.test_optional_auth_and_pwa.TestPublicAccess" name="test_titles_list_no_auth" time="0.157" /><testcase classname="backend.tests.test_optional_auth_and_pwa.TestPublicAccess" name="test_title_detail_no_auth" time="0.302" /><testcase classname="backend.tests.test_optional_auth_and_pwa.TestPublicAccess" name="test_episodes_list_no_auth" time="0.265" /><testcase classname="backend.tests.test_optional_auth_and_pwa.TestPublicAccess" name="test_get_single_episode_no_auth" time="0.849" /><testcase classname="backend.tests.test_optional_auth_and_pwa.TestPublicAccess" name="test_episode_pages_no_auth" time="0.176" /><testcase classname="backend.tests.test_optional_auth_and_pwa.TestPublicAccess" name="test_reviews_list_no_auth" time="0.137" /><testcase classname="backend.tests.test_optional_auth_and_pwa.TestSocialRequireAuth" name="test_post_review_no_auth" time="0.166" /><testcase classname="backend.tests.test_optional_auth_and_pwa.TestSocialRequireAuth" name="test_post_message_no_auth" time="0.187" /><testcase classname="backend.tests.test_optional_auth_and_pwa.TestSocialRequireAuth" name="test_watchlist_no_auth" time="0.150" /><testcase classname="backend.tests.test_optional_auth_and_pwa.TestSocialRequireAuth" name="test_friends_no_auth" time="0.125" /><testcase classname="backend.tests.test_optional_auth_and_pwa.TestContinueReading" name="test_save_progress_requires_auth" time="0.178" /><testcase classname="backend.tests.test_optional_auth_and_pwa.TestContinueReading" name="test_save_progress_authenticated" time="0.517" /><testcase classname="backend.tests.test_optional_auth_and_pwa.TestContinueReading" name="test_get_progress_for_title" time="0.161" /><testcase classname="backend.tests.test_optional_auth_and_pwa.TestContinueReading" name="test_continue_list" time="0.132" /><testcase classname="backend.tests.test_optional_auth_and_pwa.TestContinueReading" name="test_continue_list_unauth" time="36.384" /><testcase classname="backend.tests.test_optional_auth_and_pwa.TestPWAAssets" name="test_manifest" time="19.888" /><testcase classname="backend.tests.test_optional_auth_and_pwa.TestPWAAssets" name="test_service_worker" time="0.186" /><testcase classname="backend.tests.test_optional_auth_and_pwa.TestPWAAssets" name="test_icon_192" time="0.301" /><testcase classname="backend.tests.test_optional_auth_and_pwa.TestPWAAssets" name="test_icon_512" time="0.147" /><testcase classname="backend.tests.test_optional_auth_and_pwa.TestLegalPages" name="test_privacy_route" time="0.142" /><testcase classname="backend.tests.test_optional_auth_and_pwa.TestLegalPages" name="test_terms_route" time="0.157" /></testsuite></testsuites>