<?xml version="1.0" encoding="utf-8"?><testsuites name="pytest tests"><testsuite name="pytest" errors="0" failures="1" skipped="1" tests="104" time="79.115" timestamp="2026-07-12T00:16:05.948800+00:00" hostname="agent-env-a059af5b-1a60-459d-aea3-defdbf6d3371"><testcase classname="backend.tests.backend_test" name="test_root" time="0.184"><failure message="assert 404 == 200&#10; +  where 404 = &lt;Response [404]&gt;.status_code">E   assert 404 == 200
     +  where 404 = &lt;Response [404]&gt;.status_code</failure></testcase><testcase classname="backend.tests.backend_test" name="test_register_tester" time="0.320" /><testcase classname="backend.tests.backend_test" name="test_register_tester2" time="0.382" /><testcase classname="backend.tests.backend_test" name="test_register_duplicate" time="0.103" /><testcase classname="backend.tests.backend_test" name="test_login_admin" time="0.348" /><testcase classname="backend.tests.backend_test" name="test_login_wrong" time="0.315" /><testcase classname="backend.tests.backend_test" name="test_me_with_token" time="0.104" /><testcase classname="backend.tests.backend_test" name="test_me_no_token" time="0.097" /><testcase classname="backend.tests.backend_test" name="test_patch_me" time="0.204" /><testcase classname="backend.tests.backend_test" name="test_list_titles_seeded" time="0.105" /><testcase classname="backend.tests.backend_test" name="test_filter_type_anime" time="0.117" /><testcase classname="backend.tests.backend_test" name="test_search_arabic" time="0.127" /><testcase classname="backend.tests.backend_test" name="test_get_title_by_id" time="0.099" /><testcase classname="backend.tests.backend_test" name="test_get_title_404" time="0.104" /><testcase classname="backend.tests.backend_test" name="test_create_title_forbidden_for_user" time="0.094" /><testcase classname="backend.tests.backend_test" name="test_create_title_admin" time="0.214" /><testcase classname="backend.tests.backend_test" name="test_post_review_and_avg" time="0.311" /><testcase classname="backend.tests.backend_test" name="test_watchlist_upsert_and_list" time="0.403" /><testcase classname="backend.tests.backend_test" name="test_user_search" time="0.100" /><testcase classname="backend.tests.backend_test" name="test_friend_request_and_accept" time="0.525" /><testcase classname="backend.tests.backend_test" name="test_lobby_post_get" time="0.217" /><testcase classname="backend.tests.backend_test" name="test_title_room_post" time="0.097" /><testcase classname="backend.tests.backend_test" name="test_title_room_404" time="0.103" /><testcase classname="backend.tests.backend_test" name="test_dm_flow_and_403" time="0.571" /><testcase classname="backend.tests.backend_test" name="test_notifications" time="0.406" /><testcase classname="backend.tests.backend_test" name="test_delete_title_user_forbidden" time="0.096" /><testcase classname="backend.tests.backend_test" name="test_delete_title_admin" time="0.203" /><testcase classname="backend.tests.test_iter4_admin_regression" name="test_scrape_mangadex_imports_cleanly" time="0.116" /><testcase classname="backend.tests.test_iter4_admin_regression" name="test_import_specific_imports_cleanly" time="0.001" /><testcase classname="backend.tests.test_iter4_admin_regression" name="test_server_imports_cleanly" time="0.236" /><testcase classname="backend.tests.test_iter4_admin_regression" name="test_admin_dedupe_titles" time="0.436" /><testcase classname="backend.tests.test_iter4_admin_regression" name="test_admin_fix_missing_covers" time="0.102" /><testcase classname="backend.tests.test_iter4_admin_regression" name="test_admin_import_bundle_starts" time="0.354" /><testcase classname="backend.tests.test_iter4_admin_regression" name="test_admin_job_status_dedupe" time="0.114" /><testcase classname="backend.tests.test_iter4_admin_regression" name="test_admin_job_status_fix_covers" time="0.099" /><testcase classname="backend.tests.test_iter4_admin_regression" name="test_admin_job_status_import_bundle" time="0.112" /><testcase classname="backend.tests.test_iter4_admin_regression" name="test_admin_dedupe_forbidden_for_user" time="0.427" /><testcase classname="backend.tests.test_iter4_admin_regression" name="test_titles_sort_by_all_variants" time="0.309" /><testcase classname="backend.tests.test_iter4_admin_regression" name="test_watchlist_check_unauth_401" time="0.200" /><testcase classname="backend.tests.test_iter5_mangaspark_refresh" name="test_curl_cffi_importable" time="0.015" /><testcase classname="backend.tests.test_iter5_mangaspark_refresh" name="test_scrape_mangaspark_module_imports" time="0.002" /><testcase classname="backend.tests.test_iter5_mangaspark_refresh" name="test_refresh_all_chapters_signature_accepts_db_arg" time="0.000" /><testcase classname="backend.tests.test_iter5_mangaspark_refresh" name="test_popular_slugs_contains_all_26_new_slugs" time="0.000" /><testcase classname="backend.tests.test_iter5_mangaspark_refresh" name="test_requirements_has_curl_cffi" time="0.000" /><testcase classname="backend.tests.test_iter5_mangaspark_refresh" name="test_refresh_mangaspark_returns_immediately" time="0.415" /><testcase classname="backend.tests.test_iter5_mangaspark_refresh" name="test_job_status_mangaspark_refresh_manual" time="1.197" /><testcase classname="backend.tests.test_iter5_mangaspark_refresh" name="test_job_status_invalid_kind_returns_400" time="0.112" /><testcase classname="backend.tests.test_iter5_mangaspark_refresh" name="test_job_status_without_auth_returns_401" time="0.133" /><testcase classname="backend.tests.test_iter5_mangaspark_refresh" name="test_job_status_regression_kinds[admin_dedupe]" time="0.098" /><testcase classname="backend.tests.test_iter5_mangaspark_refresh" name="test_job_status_regression_kinds[admin_fix_covers]" time="0.096" /><testcase classname="backend.tests.test_iter5_mangaspark_refresh" name="test_job_status_regression_kinds[admin_import_bundle]" time="0.105" /><testcase classname="backend.tests.test_iter5_mangaspark_refresh" name="test_titles_list_sort_and_status" time="0.207" /><testcase classname="backend.tests.test_iter5_mangaspark_refresh" name="test_title_detail_and_view_increment" time="0.214" /><testcase classname="backend.tests.test_iter5_mangaspark_refresh" name="test_episodes_ar_numeric_ordering" time="0.344" /><testcase classname="backend.tests.test_iter5_mangaspark_refresh" name="test_public_user_endpoint" time="0.418" /><testcase classname="backend.tests.test_iter5_mangaspark_refresh" name="test_pwa_assets" time="10.434" /><testcase classname="backend.tests.test_iter5_mangaspark_refresh" name="test_import_mangaspark_bundle_returns_processing" time="15.409" /><testcase classname="backend.tests.test_iter5_mangaspark_refresh" name="test_chat_message_lifecycle" time="11.674"><skipped type="pytest.skip" message="chat POST route not available">/app/backend/tests/test_iter5_mangaspark_refresh.py:303: chat POST route not available</skipped></testcase><testcase classname="backend.tests.test_iteration3_features.TestTitlesSortAndFilter" name="test_sort_by_rating_desc" time="0.117" /><testcase classname="backend.tests.test_iteration3_features.TestTitlesSortAndFilter" name="test_sort_by_views_desc" time="0.112" /><testcase classname="backend.tests.test_iteration3_features.TestTitlesSortAndFilter" name="test_sort_by_newest_has_ar_first" time="0.107" /><testcase classname="backend.tests.test_iteration3_features.TestTitlesSortAndFilter" name="test_status_filter_completed" time="0.110" /><testcase classname="backend.tests.test_iteration3_features.TestSearchExactMatch" name="test_search_returns_results" time="11.462" /><testcase classname="backend.tests.test_iteration3_features.TestSearchExactMatch" name="test_search_exact_takes_priority" time="0.256" /><testcase classname="backend.tests.test_iteration3_features.TestEpisodeNumericOrder" name="test_episodes_sorted_numerically" time="3.374" /><testcase classname="backend.tests.test_iteration3_features.TestViewsIncrement" name="test_views_increment" time="3.475" /><testcase classname="backend.tests.test_iteration3_features.TestPublicProfile" name="test_get_user_no_auth" time="0.452" /><testcase classname="backend.tests.test_iteration3_features.TestPublicProfile" name="test_get_user_not_found" time="0.099" /><testcase classname="backend.tests.test_iteration3_features.TestWatchlist" name="test_add_check_delete" time="0.520" /><testcase classname="backend.tests.test_iteration3_features.TestPartialTitlePatch" name="test_patch_status_only" time="0.632" /><testcase classname="backend.tests.test_iteration3_features.TestPartialTitlePatch" name="test_patch_non_admin_forbidden" time="0.205" /><testcase classname="backend.tests.test_iteration3_features.TestChatBotAndModeration" name="test_first_lobby_message_triggers_bot" time="1.058" /><testcase classname="backend.tests.test_iteration3_features.TestChatBotAndModeration" name="test_edit_own_message" time="0.218" /><testcase classname="backend.tests.test_iteration3_features.TestChatBotAndModeration" name="test_cannot_edit_others_message" time="0.395" /><testcase classname="backend.tests.test_iteration3_features.TestChatBotAndModeration" name="test_admin_can_delete_any_message" time="0.213" /><testcase classname="backend.tests.test_iteration3_features.TestChatBotAndModeration" name="test_user_cannot_delete_others" time="0.221" /><testcase classname="backend.tests.test_iteration3_features.TestChatBotAndModeration" name="test_react_toggle" time="0.323" /><testcase classname="backend.tests.test_iteration3_features.TestNewChapterNotification" name="test_new_chapter_creates_notification" time="2.607" /><testcase classname="backend.tests.test_iteration3_features.TestRegression" name="test_login_works" time="0.322" /><testcase classname="backend.tests.test_iteration3_features.TestRegression" name="test_titles_list_paginated" time="0.110" /><testcase classname="backend.tests.test_iteration3_features.TestRegression" name="test_friends_endpoint" time="0.108" /><testcase classname="backend.tests.test_iteration3_features.TestRegression" name="test_dm_list" time="0.091" /><testcase classname="backend.tests.test_iteration3_features.TestRegression" name="test_service_worker_served" time="0.112" /><testcase classname="backend.tests.test_optional_auth_and_pwa.TestPublicAccess" name="test_titles_list_no_auth" time="0.107" /><testcase classname="backend.tests.test_optional_auth_and_pwa.TestPublicAccess" name="test_title_detail_no_auth" time="0.197" /><testcase classname="backend.tests.test_optional_auth_and_pwa.TestPublicAccess" name="test_episodes_list_no_auth" time="0.175" /><testcase classname="backend.tests.test_optional_auth_and_pwa.TestPublicAccess" name="test_get_single_episode_no_auth" time="0.314" /><testcase classname="backend.tests.test_optional_auth_and_pwa.TestPublicAccess" name="test_episode_pages_no_auth" time="0.129" /><testcase classname="backend.tests.test_optional_auth_and_pwa.TestPublicAccess" name="test_reviews_list_no_auth" time="0.111" /><testcase classname="backend.tests.test_optional_auth_and_pwa.TestSocialRequireAuth" name="test_post_review_no_auth" time="0.094" /><testcase classname="backend.tests.test_optional_auth_and_pwa.TestSocialRequireAuth" name="test_post_message_no_auth" time="0.098" /><testcase classname="backend.tests.test_optional_auth_and_pwa.TestSocialRequireAuth" name="test_watchlist_no_auth" time="0.098" /><testcase classname="backend.tests.test_optional_auth_and_pwa.TestSocialRequireAuth" name="test_friends_no_auth" time="0.102" /><testcase classname="backend.tests.test_optional_auth_and_pwa.TestContinueReading" name="test_save_progress_requires_auth" time="0.096" /><testcase classname="backend.tests.test_optional_auth_and_pwa.TestContinueReading" name="test_save_progress_authenticated" time="0.429" /><testcase classname="backend.tests.test_optional_auth_and_pwa.TestContinueReading" name="test_get_progress_for_title" time="0.105" /><testcase classname="backend.tests.test_optional_auth_and_pwa.TestContinueReading" name="test_continue_list" time="0.104" /><testcase classname="backend.tests.test_optional_auth_and_pwa.TestContinueReading" name="test_continue_list_unauth" time="0.097" /><testcase classname="backend.tests.test_optional_auth_and_pwa.TestPWAAssets" name="test_manifest" time="0.098" /><testcase classname="backend.tests.test_optional_auth_and_pwa.TestPWAAssets" name="test_service_worker" time="0.097" /><testcase classname="backend.tests.test_optional_auth_and_pwa.TestPWAAssets" name="test_icon_192" time="0.113" /><testcase classname="backend.tests.test_optional_auth_and_pwa.TestPWAAssets" name="test_icon_512" time="0.104" /><testcase classname="backend.tests.test_optional_auth_and_pwa.TestLegalPages" name="test_privacy_route" time="0.110" /><testcase classname="backend.tests.test_optional_auth_and_pwa.TestLegalPages" name="test_terms_route" time="0.106" /></testsuite></testsuites>