<?xml version="1.0" encoding="utf-8"?><testsuites name="pytest tests"><testsuite name="pytest" errors="0" failures="1" skipped="0" tests="52" time="39.817" timestamp="2026-06-21T23:04:00.995254+00:00" hostname="agent-env-a059af5b-1a60-459d-aea3-defdbf6d3371"><testcase classname="backend.tests.backend_test" name="test_root" time="0.319"><failure message="assert 404 == 200&#10; +  where 404 = &lt;Response [404]&gt;.status_code">E   assert 404 == 200
     +  where 404 = &lt;Response [404]&gt;.status_code</failure></testcase><testcase classname="backend.tests.backend_test" name="test_register_tester" time="0.335" /><testcase classname="backend.tests.backend_test" name="test_register_tester2" time="0.319" /><testcase classname="backend.tests.backend_test" name="test_register_duplicate" time="0.092" /><testcase classname="backend.tests.backend_test" name="test_login_admin" time="0.329" /><testcase classname="backend.tests.backend_test" name="test_login_wrong" time="0.323" /><testcase classname="backend.tests.backend_test" name="test_me_with_token" time="0.110" /><testcase classname="backend.tests.backend_test" name="test_me_no_token" time="0.097" /><testcase classname="backend.tests.backend_test" name="test_patch_me" time="0.202" /><testcase classname="backend.tests.backend_test" name="test_list_titles_seeded" time="0.102" /><testcase classname="backend.tests.backend_test" name="test_filter_type_anime" time="0.109" /><testcase classname="backend.tests.backend_test" name="test_search_arabic" time="0.114" /><testcase classname="backend.tests.backend_test" name="test_get_title_by_id" time="0.101" /><testcase classname="backend.tests.backend_test" name="test_get_title_404" time="0.091" /><testcase classname="backend.tests.backend_test" name="test_create_title_forbidden_for_user" time="0.087" /><testcase classname="backend.tests.backend_test" name="test_create_title_admin" time="0.186" /><testcase classname="backend.tests.backend_test" name="test_post_review_and_avg" time="0.304" /><testcase classname="backend.tests.backend_test" name="test_watchlist_upsert_and_list" time="0.388" /><testcase classname="backend.tests.backend_test" name="test_user_search" time="0.107" /><testcase classname="backend.tests.backend_test" name="test_friend_request_and_accept" time="0.491" /><testcase classname="backend.tests.backend_test" name="test_lobby_post_get" time="0.209" /><testcase classname="backend.tests.backend_test" name="test_title_room_post" time="0.094" /><testcase classname="backend.tests.backend_test" name="test_title_room_404" time="0.094" /><testcase classname="backend.tests.backend_test" name="test_dm_flow_and_403" time="0.496" /><testcase classname="backend.tests.backend_test" name="test_notifications" time="0.405" /><testcase classname="backend.tests.backend_test" name="test_delete_title_user_forbidden" time="0.086" /><testcase classname="backend.tests.backend_test" name="test_delete_title_admin" time="0.292" /><testcase classname="backend.tests.test_iteration3_features.TestTitlesSortAndFilter" name="test_sort_by_rating_desc" time="0.103" /><testcase classname="backend.tests.test_iteration3_features.TestTitlesSortAndFilter" name="test_sort_by_views_desc" time="0.103" /><testcase classname="backend.tests.test_iteration3_features.TestTitlesSortAndFilter" name="test_sort_by_newest_has_ar_first" time="0.098" /><testcase classname="backend.tests.test_iteration3_features.TestTitlesSortAndFilter" name="test_status_filter_completed" time="0.102" /><testcase classname="backend.tests.test_iteration3_features.TestSearchExactMatch" name="test_search_returns_results" time="0.208" /><testcase classname="backend.tests.test_iteration3_features.TestSearchExactMatch" name="test_search_exact_takes_priority" time="0.210" /><testcase classname="backend.tests.test_iteration3_features.TestEpisodeNumericOrder" name="test_episodes_sorted_numerically" time="22.367" /><testcase classname="backend.tests.test_iteration3_features.TestViewsIncrement" name="test_views_increment" time="3.419" /><testcase classname="backend.tests.test_iteration3_features.TestPublicProfile" name="test_get_user_no_auth" time="0.408" /><testcase classname="backend.tests.test_iteration3_features.TestPublicProfile" name="test_get_user_not_found" time="0.106" /><testcase classname="backend.tests.test_iteration3_features.TestWatchlist" name="test_add_check_delete" time="0.497" /><testcase classname="backend.tests.test_iteration3_features.TestPartialTitlePatch" name="test_patch_status_only" time="0.632" /><testcase classname="backend.tests.test_iteration3_features.TestPartialTitlePatch" name="test_patch_non_admin_forbidden" time="0.188" /><testcase classname="backend.tests.test_iteration3_features.TestChatBotAndModeration" name="test_first_lobby_message_triggers_bot" time="1.025" /><testcase classname="backend.tests.test_iteration3_features.TestChatBotAndModeration" name="test_edit_own_message" time="0.213" /><testcase classname="backend.tests.test_iteration3_features.TestChatBotAndModeration" name="test_cannot_edit_others_message" time="0.189" /><testcase classname="backend.tests.test_iteration3_features.TestChatBotAndModeration" name="test_admin_can_delete_any_message" time="0.193" /><testcase classname="backend.tests.test_iteration3_features.TestChatBotAndModeration" name="test_user_cannot_delete_others" time="0.184" /><testcase classname="backend.tests.test_iteration3_features.TestChatBotAndModeration" name="test_react_toggle" time="0.307" /><testcase classname="backend.tests.test_iteration3_features.TestNewChapterNotification" name="test_new_chapter_creates_notification" time="2.598" /><testcase classname="backend.tests.test_iteration3_features.TestRegression" name="test_login_works" time="0.316" /><testcase classname="backend.tests.test_iteration3_features.TestRegression" name="test_titles_list_paginated" time="0.098" /><testcase classname="backend.tests.test_iteration3_features.TestRegression" name="test_friends_endpoint" time="0.092" /><testcase classname="backend.tests.test_iteration3_features.TestRegression" name="test_dm_list" time="0.095" /><testcase classname="backend.tests.test_iteration3_features.TestRegression" name="test_service_worker_served" time="0.093" /></testsuite></testsuites>