<?xml version="1.0" encoding="utf-8"?><testsuites name="pytest tests"><testsuite name="pytest" errors="0" failures="0" skipped="0" tests="12" time="3.145" timestamp="2026-07-02T01:10:20.988943+00:00" hostname="agent-env-a059af5b-1a60-459d-aea3-defdbf6d3371"><testcase classname="backend.tests.test_iter4_admin_regression" name="test_scrape_mangadex_imports_cleanly" time="0.113" /><testcase classname="backend.tests.test_iter4_admin_regression" name="test_import_specific_imports_cleanly" time="0.000" /><testcase classname="backend.tests.test_iter4_admin_regression" name="test_server_imports_cleanly" time="0.245" /><testcase classname="backend.tests.test_iter4_admin_regression" name="test_admin_dedupe_titles" time="0.526" /><testcase classname="backend.tests.test_iter4_admin_regression" name="test_admin_fix_missing_covers" time="0.166" /><testcase classname="backend.tests.test_iter4_admin_regression" name="test_admin_import_bundle_starts" time="0.389" /><testcase classname="backend.tests.test_iter4_admin_regression" name="test_admin_job_status_dedupe" time="0.158" /><testcase classname="backend.tests.test_iter4_admin_regression" name="test_admin_job_status_fix_covers" time="0.183" /><testcase classname="backend.tests.test_iter4_admin_regression" name="test_admin_job_status_import_bundle" time="0.101" /><testcase classname="backend.tests.test_iter4_admin_regression" name="test_admin_dedupe_forbidden_for_user" time="0.557" /><testcase classname="backend.tests.test_iter4_admin_regression" name="test_titles_sort_by_all_variants" time="0.378" /><testcase classname="backend.tests.test_iter4_admin_regression" name="test_watchlist_check_unauth_401" time="0.255" /></testsuite></testsuites>