<?xml version="1.0" encoding="utf-8"?><testsuites name="pytest tests"><testsuite name="pytest" errors="0" failures="1" skipped="0" tests="27" time="7.821" timestamp="2026-05-11T14:25:32.299574+00:00" hostname="agent-env-a059af5b-1a60-459d-aea3-defdbf6d3371"><testcase classname="backend.tests.backend_test" name="test_root" time="0.387"><failure message="assert 404 == 200&#10; +  where 404 = &lt;Response [404]&gt;.status_code">backend/tests/backend_test.py:33: in test_root
    assert r.status_code == 200
E   assert 404 == 200
E    +  where 404 = &lt;Response [404]&gt;.status_code</failure></testcase><testcase classname="backend.tests.backend_test" name="test_register_tester" time="0.387" /><testcase classname="backend.tests.backend_test" name="test_register_tester2" time="0.440" /><testcase classname="backend.tests.backend_test" name="test_register_duplicate" time="0.111" /><testcase classname="backend.tests.backend_test" name="test_login_admin" time="0.333" /><testcase classname="backend.tests.backend_test" name="test_login_wrong" time="0.347" /><testcase classname="backend.tests.backend_test" name="test_me_with_token" time="0.210" /><testcase classname="backend.tests.backend_test" name="test_me_no_token" time="0.135" /><testcase classname="backend.tests.backend_test" name="test_patch_me" time="0.264" /><testcase classname="backend.tests.backend_test" name="test_list_titles_seeded" time="0.131" /><testcase classname="backend.tests.backend_test" name="test_filter_type_anime" time="0.131" /><testcase classname="backend.tests.backend_test" name="test_search_arabic" time="0.160" /><testcase classname="backend.tests.backend_test" name="test_get_title_by_id" time="0.125" /><testcase classname="backend.tests.backend_test" name="test_get_title_404" time="0.144" /><testcase classname="backend.tests.backend_test" name="test_create_title_forbidden_for_user" time="0.124" /><testcase classname="backend.tests.backend_test" name="test_create_title_admin" time="0.234" /><testcase classname="backend.tests.backend_test" name="test_post_review_and_avg" time="0.542" /><testcase classname="backend.tests.backend_test" name="test_watchlist_upsert_and_list" time="0.488" /><testcase classname="backend.tests.backend_test" name="test_user_search" time="0.115" /><testcase classname="backend.tests.backend_test" name="test_friend_request_and_accept" time="0.755" /><testcase classname="backend.tests.backend_test" name="test_lobby_post_get" time="0.273" /><testcase classname="backend.tests.backend_test" name="test_title_room_post" time="0.120" /><testcase classname="backend.tests.backend_test" name="test_title_room_404" time="0.114" /><testcase classname="backend.tests.backend_test" name="test_dm_flow_and_403" time="0.641" /><testcase classname="backend.tests.backend_test" name="test_notifications" time="0.481" /><testcase classname="backend.tests.backend_test" name="test_delete_title_user_forbidden" time="0.142" /><testcase classname="backend.tests.backend_test" name="test_delete_title_admin" time="0.298" /></testsuite></testsuites>